I:\COCOS2D-X\COCOS2D-2.0-X-2.0.4\COCOS2D-2.0-X-2.0.4\DEBUG.WIN32\PONGPONGPIA.WIN32.EXE
I:\COCOS2D-X\COCOS2D-2.0-X-2.0.4\COCOS2D-2.0-X-2.0.4\DEBUG.WIN32\PONGPONGPIA.WIN32.ILK
I:\COCOS2D-X\COCOS2D-2.0-X-2.0.4\COCOS2D-2.0-X-2.0.4\DEBUG.WIN32\PONGPONGPIA.WIN32.PDB
I:\COCOS2D-X\COCOS2D-2.0-X-2.0.4\COCOS2D-2.0-X-2.0.4\SAMPLES\PONGPONGPIA\PROJ.WIN32\DEBUG.WIN32\ACCELERATIONLAYER.OBJ
I:\COCOS2D-X\COCOS2D-2.0-X-2.0.4\COCOS2D-2.0-X-2.0.4\SAMPLES\PONGPONGPIA\PROJ.WIN32\DEBUG.WIN32\APPDELEGATE.OBJ
I:\COCOS2D-X\COCOS2D-2.0-X-2.0.4\COCOS2D-2.0-X-2.0.4\SAMPLES\PONGPONGPIA\PROJ.WIN32\DEBUG.WIN32\ARRAY.OBJ
I:\COCOS2D-X\COCOS2D-2.0-X-2.0.4\COCOS2D-2.0-X-2.0.4\SAMPLES\PONGPONGPIA\PROJ.WIN32\DEBUG.WIN32\BACKGROUNDLAYER.OBJ
I:\COCOS2D-X\COCOS2D-2.0-X-2.0.4\COCOS2D-2.0-X-2.0.4\SAMPLES\PONGPONGPIA\PROJ.WIN32\DEBUG.WIN32\CHALLENGESCENE.OBJ
I:\COCOS2D-X\COCOS2D-2.0-X-2.0.4\COCOS2D-2.0-X-2.0.4\SAMPLES\PONGPONGPIA\PROJ.WIN32\DEBUG.WIN32\CHALLENGEUSERLAYER.OBJ
I:\COCOS2D-X\COCOS2D-2.0-X-2.0.4\COCOS2D-2.0-X-2.0.4\SAMPLES\PONGPONGPIA\PROJ.WIN32\DEBUG.WIN32\CHOOSECHAPTERSCENE.OBJ
I:\COCOS2D-X\COCOS2D-2.0-X-2.0.4\COCOS2D-2.0-X-2.0.4\SAMPLES\PONGPONGPIA\PROJ.WIN32\DEBUG.WIN32\CHOOSEROUNDSCENE.OBJ
I:\cocos2d-x\cocos2d-2.0-x-2.0.4\cocos2d-2.0-x-2.0.4\samples\PongPongPia\proj.win32\Debug.win32\cl.command.1.tlog
I:\cocos2d-x\cocos2d-2.0-x-2.0.4\cocos2d-2.0-x-2.0.4\samples\PongPongPia\proj.win32\Debug.win32\CL.read.1.tlog
I:\cocos2d-x\cocos2d-2.0-x-2.0.4\cocos2d-2.0-x-2.0.4\samples\PongPongPia\proj.win32\Debug.win32\CL.write.1.tlog
I:\COCOS2D-X\COCOS2D-2.0-X-2.0.4\COCOS2D-2.0-X-2.0.4\SAMPLES\PONGPONGPIA\PROJ.WIN32\DEBUG.WIN32\COMPUTERROLE.OBJ
I:\COCOS2D-X\COCOS2D-2.0-X-2.0.4\COCOS2D-2.0-X-2.0.4\SAMPLES\PONGPONGPIA\PROJ.WIN32\DEBUG.WIN32\CONVERT.OBJ
I:\COCOS2D-X\COCOS2D-2.0-X-2.0.4\COCOS2D-2.0-X-2.0.4\SAMPLES\PONGPONGPIA\PROJ.WIN32\DEBUG.WIN32\CURLUTILS.OBJ
I:\COCOS2D-X\COCOS2D-2.0-X-2.0.4\COCOS2D-2.0-X-2.0.4\SAMPLES\PONGPONGPIA\PROJ.WIN32\DEBUG.WIN32\EQUIPMENT.OBJ
I:\COCOS2D-X\COCOS2D-2.0-X-2.0.4\COCOS2D-2.0-X-2.0.4\SAMPLES\PONGPONGPIA\PROJ.WIN32\DEBUG.WIN32\ESCAPER.OBJ
I:\COCOS2D-X\COCOS2D-2.0-X-2.0.4\COCOS2D-2.0-X-2.0.4\SAMPLES\PONGPONGPIA\PROJ.WIN32\DEBUG.WIN32\GAMESCENE.OBJ
I:\COCOS2D-X\COCOS2D-2.0-X-2.0.4\COCOS2D-2.0-X-2.0.4\SAMPLES\PONGPONGPIA\PROJ.WIN32\DEBUG.WIN32\HROCKER.OBJ
I:\COCOS2D-X\COCOS2D-2.0-X-2.0.4\COCOS2D-2.0-X-2.0.4\SAMPLES\PONGPONGPIA\PROJ.WIN32\DEBUG.WIN32\INDENTCANCELLER.OBJ
I:\COCOS2D-X\COCOS2D-2.0-X-2.0.4\COCOS2D-2.0-X-2.0.4\SAMPLES\PONGPONGPIA\PROJ.WIN32\DEBUG.WIN32\INDENTER.OBJ
I:\COCOS2D-X\COCOS2D-2.0-X-2.0.4\COCOS2D-2.0-X-2.0.4\SAMPLES\PONGPONGPIA\PROJ.WIN32\DEBUG.WIN32\ITEMLISTLAYER.OBJ
I:\COCOS2D-X\COCOS2D-2.0-X-2.0.4\COCOS2D-2.0-X-2.0.4\SAMPLES\PONGPONGPIA\PROJ.WIN32\DEBUG.WIN32\LANGUAGE.OBJ
I:\cocos2d-x\cocos2d-2.0-x-2.0.4\cocos2d-2.0-x-2.0.4\samples\PongPongPia\proj.win32\Debug.win32\link.10112.read.1.tlog
I:\cocos2d-x\cocos2d-2.0-x-2.0.4\cocos2d-2.0-x-2.0.4\samples\PongPongPia\proj.win32\Debug.win32\link.10112.write.1.tlog
I:\cocos2d-x\cocos2d-2.0-x-2.0.4\cocos2d-2.0-x-2.0.4\samples\PongPongPia\proj.win32\Debug.win32\link.10112-cvtres.read.1.tlog
I:\cocos2d-x\cocos2d-2.0-x-2.0.4\cocos2d-2.0-x-2.0.4\samples\PongPongPia\proj.win32\Debug.win32\link.10112-cvtres.write.1.tlog
I:\cocos2d-x\cocos2d-2.0-x-2.0.4\cocos2d-2.0-x-2.0.4\samples\PongPongPia\proj.win32\Debug.win32\link.10716.read.1.tlog
I:\cocos2d-x\cocos2d-2.0-x-2.0.4\cocos2d-2.0-x-2.0.4\samples\PongPongPia\proj.win32\Debug.win32\link.10716.write.1.tlog
I:\cocos2d-x\cocos2d-2.0-x-2.0.4\cocos2d-2.0-x-2.0.4\samples\PongPongPia\proj.win32\Debug.win32\link.10716-cvtres.read.1.tlog
I:\cocos2d-x\cocos2d-2.0-x-2.0.4\cocos2d-2.0-x-2.0.4\samples\PongPongPia\proj.win32\Debug.win32\link.10716-cvtres.write.1.tlog
I:\cocos2d-x\cocos2d-2.0-x-2.0.4\cocos2d-2.0-x-2.0.4\samples\PongPongPia\proj.win32\Debug.win32\link.12740.read.1.tlog
I:\cocos2d-x\cocos2d-2.0-x-2.0.4\cocos2d-2.0-x-2.0.4\samples\PongPongPia\proj.win32\Debug.win32\link.12740.write.1.tlog
I:\cocos2d-x\cocos2d-2.0-x-2.0.4\cocos2d-2.0-x-2.0.4\samples\PongPongPia\proj.win32\Debug.win32\link.12740-cvtres.read.1.tlog
I:\cocos2d-x\cocos2d-2.0-x-2.0.4\cocos2d-2.0-x-2.0.4\samples\PongPongPia\proj.win32\Debug.win32\link.12740-cvtres.write.1.tlog
I:\cocos2d-x\cocos2d-2.0-x-2.0.4\cocos2d-2.0-x-2.0.4\samples\PongPongPia\proj.win32\Debug.win32\link.12872.read.1.tlog
I:\cocos2d-x\cocos2d-2.0-x-2.0.4\cocos2d-2.0-x-2.0.4\samples\PongPongPia\proj.win32\Debug.win32\link.12872.write.1.tlog
I:\cocos2d-x\cocos2d-2.0-x-2.0.4\cocos2d-2.0-x-2.0.4\samples\PongPongPia\proj.win32\Debug.win32\link.12872-cvtres.read.1.tlog
I:\cocos2d-x\cocos2d-2.0-x-2.0.4\cocos2d-2.0-x-2.0.4\samples\PongPongPia\proj.win32\Debug.win32\link.12872-cvtres.write.1.tlog
I:\cocos2d-x\cocos2d-2.0-x-2.0.4\cocos2d-2.0-x-2.0.4\samples\PongPongPia\proj.win32\Debug.win32\link.13552.read.1.tlog
I:\cocos2d-x\cocos2d-2.0-x-2.0.4\cocos2d-2.0-x-2.0.4\samples\PongPongPia\proj.win32\Debug.win32\link.13552.write.1.tlog
I:\cocos2d-x\cocos2d-2.0-x-2.0.4\cocos2d-2.0-x-2.0.4\samples\PongPongPia\proj.win32\Debug.win32\link.13552-cvtres.read.1.tlog
I:\cocos2d-x\cocos2d-2.0-x-2.0.4\cocos2d-2.0-x-2.0.4\samples\PongPongPia\proj.win32\Debug.win32\link.13552-cvtres.write.1.tlog
I:\cocos2d-x\cocos2d-2.0-x-2.0.4\cocos2d-2.0-x-2.0.4\samples\PongPongPia\proj.win32\Debug.win32\link.13964.read.1.tlog
I:\cocos2d-x\cocos2d-2.0-x-2.0.4\cocos2d-2.0-x-2.0.4\samples\PongPongPia\proj.win32\Debug.win32\link.13964.write.1.tlog
I:\cocos2d-x\cocos2d-2.0-x-2.0.4\cocos2d-2.0-x-2.0.4\samples\PongPongPia\proj.win32\Debug.win32\link.13964-cvtres.read.1.tlog
I:\cocos2d-x\cocos2d-2.0-x-2.0.4\cocos2d-2.0-x-2.0.4\samples\PongPongPia\proj.win32\Debug.win32\link.13964-cvtres.write.1.tlog
I:\cocos2d-x\cocos2d-2.0-x-2.0.4\cocos2d-2.0-x-2.0.4\samples\PongPongPia\proj.win32\Debug.win32\link.14524.read.1.tlog
I:\cocos2d-x\cocos2d-2.0-x-2.0.4\cocos2d-2.0-x-2.0.4\samples\PongPongPia\proj.win32\Debug.win32\link.14524.write.1.tlog
I:\cocos2d-x\cocos2d-2.0-x-2.0.4\cocos2d-2.0-x-2.0.4\samples\PongPongPia\proj.win32\Debug.win32\link.14524-cvtres.read.1.tlog
I:\cocos2d-x\cocos2d-2.0-x-2.0.4\cocos2d-2.0-x-2.0.4\samples\PongPongPia\proj.win32\Debug.win32\link.14524-cvtres.write.1.tlog
I:\cocos2d-x\cocos2d-2.0-x-2.0.4\cocos2d-2.0-x-2.0.4\samples\PongPongPia\proj.win32\Debug.win32\link.14692.read.1.tlog
I:\cocos2d-x\cocos2d-2.0-x-2.0.4\cocos2d-2.0-x-2.0.4\samples\PongPongPia\proj.win32\Debug.win32\link.14692.write.1.tlog
I:\cocos2d-x\cocos2d-2.0-x-2.0.4\cocos2d-2.0-x-2.0.4\samples\PongPongPia\proj.win32\Debug.win32\link.14692-cvtres.read.1.tlog
I:\cocos2d-x\cocos2d-2.0-x-2.0.4\cocos2d-2.0-x-2.0.4\samples\PongPongPia\proj.win32\Debug.win32\link.14692-cvtres.write.1.tlog
I:\cocos2d-x\cocos2d-2.0-x-2.0.4\cocos2d-2.0-x-2.0.4\samples\PongPongPia\proj.win32\Debug.win32\link.14760.read.1.tlog
I:\cocos2d-x\cocos2d-2.0-x-2.0.4\cocos2d-2.0-x-2.0.4\samples\PongPongPia\proj.win32\Debug.win32\link.14760.write.1.tlog
I:\cocos2d-x\cocos2d-2.0-x-2.0.4\cocos2d-2.0-x-2.0.4\samples\PongPongPia\proj.win32\Debug.win32\link.14760-cvtres.read.1.tlog
I:\cocos2d-x\cocos2d-2.0-x-2.0.4\cocos2d-2.0-x-2.0.4\samples\PongPongPia\proj.win32\Debug.win32\link.14760-cvtres.write.1.tlog
I:\cocos2d-x\cocos2d-2.0-x-2.0.4\cocos2d-2.0-x-2.0.4\samples\PongPongPia\proj.win32\Debug.win32\link.15636.read.1.tlog
I:\cocos2d-x\cocos2d-2.0-x-2.0.4\cocos2d-2.0-x-2.0.4\samples\PongPongPia\proj.win32\Debug.win32\link.15636.write.1.tlog
I:\cocos2d-x\cocos2d-2.0-x-2.0.4\cocos2d-2.0-x-2.0.4\samples\PongPongPia\proj.win32\Debug.win32\link.15636-cvtres.read.1.tlog
I:\cocos2d-x\cocos2d-2.0-x-2.0.4\cocos2d-2.0-x-2.0.4\samples\PongPongPia\proj.win32\Debug.win32\link.15636-cvtres.write.1.tlog
I:\cocos2d-x\cocos2d-2.0-x-2.0.4\cocos2d-2.0-x-2.0.4\samples\PongPongPia\proj.win32\Debug.win32\link.16456.read.1.tlog
I:\cocos2d-x\cocos2d-2.0-x-2.0.4\cocos2d-2.0-x-2.0.4\samples\PongPongPia\proj.win32\Debug.win32\link.16456.write.1.tlog
I:\cocos2d-x\cocos2d-2.0-x-2.0.4\cocos2d-2.0-x-2.0.4\samples\PongPongPia\proj.win32\Debug.win32\link.16456-cvtres.read.1.tlog
I:\cocos2d-x\cocos2d-2.0-x-2.0.4\cocos2d-2.0-x-2.0.4\samples\PongPongPia\proj.win32\Debug.win32\link.16456-cvtres.write.1.tlog
I:\cocos2d-x\cocos2d-2.0-x-2.0.4\cocos2d-2.0-x-2.0.4\samples\PongPongPia\proj.win32\Debug.win32\link.17104.read.1.tlog
I:\cocos2d-x\cocos2d-2.0-x-2.0.4\cocos2d-2.0-x-2.0.4\samples\PongPongPia\proj.win32\Debug.win32\link.17104.write.1.tlog
I:\cocos2d-x\cocos2d-2.0-x-2.0.4\cocos2d-2.0-x-2.0.4\samples\PongPongPia\proj.win32\Debug.win32\link.17104-cvtres.read.1.tlog
I:\cocos2d-x\cocos2d-2.0-x-2.0.4\cocos2d-2.0-x-2.0.4\samples\PongPongPia\proj.win32\Debug.win32\link.17104-cvtres.write.1.tlog
I:\cocos2d-x\cocos2d-2.0-x-2.0.4\cocos2d-2.0-x-2.0.4\samples\PongPongPia\proj.win32\Debug.win32\link.20180.read.1.tlog
I:\cocos2d-x\cocos2d-2.0-x-2.0.4\cocos2d-2.0-x-2.0.4\samples\PongPongPia\proj.win32\Debug.win32\link.20180.write.1.tlog
I:\cocos2d-x\cocos2d-2.0-x-2.0.4\cocos2d-2.0-x-2.0.4\samples\PongPongPia\proj.win32\Debug.win32\link.20180-cvtres.read.1.tlog
I:\cocos2d-x\cocos2d-2.0-x-2.0.4\cocos2d-2.0-x-2.0.4\samples\PongPongPia\proj.win32\Debug.win32\link.20180-cvtres.write.1.tlog
I:\cocos2d-x\cocos2d-2.0-x-2.0.4\cocos2d-2.0-x-2.0.4\samples\PongPongPia\proj.win32\Debug.win32\link.20788.read.1.tlog
I:\cocos2d-x\cocos2d-2.0-x-2.0.4\cocos2d-2.0-x-2.0.4\samples\PongPongPia\proj.win32\Debug.win32\link.20788.write.1.tlog
I:\cocos2d-x\cocos2d-2.0-x-2.0.4\cocos2d-2.0-x-2.0.4\samples\PongPongPia\proj.win32\Debug.win32\link.20788-cvtres.read.1.tlog
I:\cocos2d-x\cocos2d-2.0-x-2.0.4\cocos2d-2.0-x-2.0.4\samples\PongPongPia\proj.win32\Debug.win32\link.20788-cvtres.write.1.tlog
I:\cocos2d-x\cocos2d-2.0-x-2.0.4\cocos2d-2.0-x-2.0.4\samples\PongPongPia\proj.win32\Debug.win32\link.25300.read.1.tlog
I:\cocos2d-x\cocos2d-2.0-x-2.0.4\cocos2d-2.0-x-2.0.4\samples\PongPongPia\proj.win32\Debug.win32\link.25300.write.1.tlog
I:\cocos2d-x\cocos2d-2.0-x-2.0.4\cocos2d-2.0-x-2.0.4\samples\PongPongPia\proj.win32\Debug.win32\link.25300-cvtres.read.1.tlog
I:\cocos2d-x\cocos2d-2.0-x-2.0.4\cocos2d-2.0-x-2.0.4\samples\PongPongPia\proj.win32\Debug.win32\link.25300-cvtres.write.1.tlog
I:\cocos2d-x\cocos2d-2.0-x-2.0.4\cocos2d-2.0-x-2.0.4\samples\PongPongPia\proj.win32\Debug.win32\link.28876.read.1.tlog
I:\cocos2d-x\cocos2d-2.0-x-2.0.4\cocos2d-2.0-x-2.0.4\samples\PongPongPia\proj.win32\Debug.win32\link.28876.write.1.tlog
I:\cocos2d-x\cocos2d-2.0-x-2.0.4\cocos2d-2.0-x-2.0.4\samples\PongPongPia\proj.win32\Debug.win32\link.28876-cvtres.read.1.tlog
I:\cocos2d-x\cocos2d-2.0-x-2.0.4\cocos2d-2.0-x-2.0.4\samples\PongPongPia\proj.win32\Debug.win32\link.28876-cvtres.write.1.tlog
I:\cocos2d-x\cocos2d-2.0-x-2.0.4\cocos2d-2.0-x-2.0.4\samples\PongPongPia\proj.win32\Debug.win32\link.30872.read.1.tlog
I:\cocos2d-x\cocos2d-2.0-x-2.0.4\cocos2d-2.0-x-2.0.4\samples\PongPongPia\proj.win32\Debug.win32\link.30872.write.1.tlog
I:\cocos2d-x\cocos2d-2.0-x-2.0.4\cocos2d-2.0-x-2.0.4\samples\PongPongPia\proj.win32\Debug.win32\link.30872-cvtres.read.1.tlog
I:\cocos2d-x\cocos2d-2.0-x-2.0.4\cocos2d-2.0-x-2.0.4\samples\PongPongPia\proj.win32\Debug.win32\link.30872-cvtres.write.1.tlog
I:\cocos2d-x\cocos2d-2.0-x-2.0.4\cocos2d-2.0-x-2.0.4\samples\PongPongPia\proj.win32\Debug.win32\link.32848.read.1.tlog
I:\cocos2d-x\cocos2d-2.0-x-2.0.4\cocos2d-2.0-x-2.0.4\samples\PongPongPia\proj.win32\Debug.win32\link.32848.write.1.tlog
I:\cocos2d-x\cocos2d-2.0-x-2.0.4\cocos2d-2.0-x-2.0.4\samples\PongPongPia\proj.win32\Debug.win32\link.32848-cvtres.read.1.tlog
I:\cocos2d-x\cocos2d-2.0-x-2.0.4\cocos2d-2.0-x-2.0.4\samples\PongPongPia\proj.win32\Debug.win32\link.32848-cvtres.write.1.tlog
I:\cocos2d-x\cocos2d-2.0-x-2.0.4\cocos2d-2.0-x-2.0.4\samples\PongPongPia\proj.win32\Debug.win32\link.35464.read.1.tlog
I:\cocos2d-x\cocos2d-2.0-x-2.0.4\cocos2d-2.0-x-2.0.4\samples\PongPongPia\proj.win32\Debug.win32\link.35464.write.1.tlog
I:\cocos2d-x\cocos2d-2.0-x-2.0.4\cocos2d-2.0-x-2.0.4\samples\PongPongPia\proj.win32\Debug.win32\link.35464-cvtres.read.1.tlog
I:\cocos2d-x\cocos2d-2.0-x-2.0.4\cocos2d-2.0-x-2.0.4\samples\PongPongPia\proj.win32\Debug.win32\link.35464-cvtres.write.1.tlog
I:\cocos2d-x\cocos2d-2.0-x-2.0.4\cocos2d-2.0-x-2.0.4\samples\PongPongPia\proj.win32\Debug.win32\link.3584.read.1.tlog
I:\cocos2d-x\cocos2d-2.0-x-2.0.4\cocos2d-2.0-x-2.0.4\samples\PongPongPia\proj.win32\Debug.win32\link.3584.write.1.tlog
I:\cocos2d-x\cocos2d-2.0-x-2.0.4\cocos2d-2.0-x-2.0.4\samples\PongPongPia\proj.win32\Debug.win32\link.3584-cvtres.read.1.tlog
I:\cocos2d-x\cocos2d-2.0-x-2.0.4\cocos2d-2.0-x-2.0.4\samples\PongPongPia\proj.win32\Debug.win32\link.3584-cvtres.write.1.tlog
I:\cocos2d-x\cocos2d-2.0-x-2.0.4\cocos2d-2.0-x-2.0.4\samples\PongPongPia\proj.win32\Debug.win32\link.36228.read.1.tlog
I:\cocos2d-x\cocos2d-2.0-x-2.0.4\cocos2d-2.0-x-2.0.4\samples\PongPongPia\proj.win32\Debug.win32\link.36228.write.1.tlog
I:\cocos2d-x\cocos2d-2.0-x-2.0.4\cocos2d-2.0-x-2.0.4\samples\PongPongPia\proj.win32\Debug.win32\link.36228-cvtres.read.1.tlog
I:\cocos2d-x\cocos2d-2.0-x-2.0.4\cocos2d-2.0-x-2.0.4\samples\PongPongPia\proj.win32\Debug.win32\link.36228-cvtres.write.1.tlog
I:\cocos2d-x\cocos2d-2.0-x-2.0.4\cocos2d-2.0-x-2.0.4\samples\PongPongPia\proj.win32\Debug.win32\link.36696.read.1.tlog
I:\cocos2d-x\cocos2d-2.0-x-2.0.4\cocos2d-2.0-x-2.0.4\samples\PongPongPia\proj.win32\Debug.win32\link.36696.write.1.tlog
I:\cocos2d-x\cocos2d-2.0-x-2.0.4\cocos2d-2.0-x-2.0.4\samples\PongPongPia\proj.win32\Debug.win32\link.36696-cvtres.read.1.tlog
I:\cocos2d-x\cocos2d-2.0-x-2.0.4\cocos2d-2.0-x-2.0.4\samples\PongPongPia\proj.win32\Debug.win32\link.36696-cvtres.write.1.tlog
I:\cocos2d-x\cocos2d-2.0-x-2.0.4\cocos2d-2.0-x-2.0.4\samples\PongPongPia\proj.win32\Debug.win32\link.38652.read.1.tlog
I:\cocos2d-x\cocos2d-2.0-x-2.0.4\cocos2d-2.0-x-2.0.4\samples\PongPongPia\proj.win32\Debug.win32\link.38652.write.1.tlog
I:\cocos2d-x\cocos2d-2.0-x-2.0.4\cocos2d-2.0-x-2.0.4\samples\PongPongPia\proj.win32\Debug.win32\link.38652-cvtres.read.1.tlog
I:\cocos2d-x\cocos2d-2.0-x-2.0.4\cocos2d-2.0-x-2.0.4\samples\PongPongPia\proj.win32\Debug.win32\link.38652-cvtres.write.1.tlog
I:\cocos2d-x\cocos2d-2.0-x-2.0.4\cocos2d-2.0-x-2.0.4\samples\PongPongPia\proj.win32\Debug.win32\link.39072.read.1.tlog
I:\cocos2d-x\cocos2d-2.0-x-2.0.4\cocos2d-2.0-x-2.0.4\samples\PongPongPia\proj.win32\Debug.win32\link.39072.write.1.tlog
I:\cocos2d-x\cocos2d-2.0-x-2.0.4\cocos2d-2.0-x-2.0.4\samples\PongPongPia\proj.win32\Debug.win32\link.39072-cvtres.read.1.tlog
I:\cocos2d-x\cocos2d-2.0-x-2.0.4\cocos2d-2.0-x-2.0.4\samples\PongPongPia\proj.win32\Debug.win32\link.39072-cvtres.write.1.tlog
I:\cocos2d-x\cocos2d-2.0-x-2.0.4\cocos2d-2.0-x-2.0.4\samples\PongPongPia\proj.win32\Debug.win32\link.41808.read.1.tlog
I:\cocos2d-x\cocos2d-2.0-x-2.0.4\cocos2d-2.0-x-2.0.4\samples\PongPongPia\proj.win32\Debug.win32\link.41808.write.1.tlog
I:\cocos2d-x\cocos2d-2.0-x-2.0.4\cocos2d-2.0-x-2.0.4\samples\PongPongPia\proj.win32\Debug.win32\link.41808-cvtres.read.1.tlog
I:\cocos2d-x\cocos2d-2.0-x-2.0.4\cocos2d-2.0-x-2.0.4\samples\PongPongPia\proj.win32\Debug.win32\link.41808-cvtres.write.1.tlog
I:\cocos2d-x\cocos2d-2.0-x-2.0.4\cocos2d-2.0-x-2.0.4\samples\PongPongPia\proj.win32\Debug.win32\link.42100.read.1.tlog
I:\cocos2d-x\cocos2d-2.0-x-2.0.4\cocos2d-2.0-x-2.0.4\samples\PongPongPia\proj.win32\Debug.win32\link.42100.write.1.tlog
I:\cocos2d-x\cocos2d-2.0-x-2.0.4\cocos2d-2.0-x-2.0.4\samples\PongPongPia\proj.win32\Debug.win32\link.42100-cvtres.read.1.tlog
I:\cocos2d-x\cocos2d-2.0-x-2.0.4\cocos2d-2.0-x-2.0.4\samples\PongPongPia\proj.win32\Debug.win32\link.42100-cvtres.write.1.tlog
I:\cocos2d-x\cocos2d-2.0-x-2.0.4\cocos2d-2.0-x-2.0.4\samples\PongPongPia\proj.win32\Debug.win32\link.43844.read.1.tlog
I:\cocos2d-x\cocos2d-2.0-x-2.0.4\cocos2d-2.0-x-2.0.4\samples\PongPongPia\proj.win32\Debug.win32\link.43844.write.1.tlog
I:\cocos2d-x\cocos2d-2.0-x-2.0.4\cocos2d-2.0-x-2.0.4\samples\PongPongPia\proj.win32\Debug.win32\link.43844-cvtres.read.1.tlog
I:\cocos2d-x\cocos2d-2.0-x-2.0.4\cocos2d-2.0-x-2.0.4\samples\PongPongPia\proj.win32\Debug.win32\link.43844-cvtres.write.1.tlog
I:\cocos2d-x\cocos2d-2.0-x-2.0.4\cocos2d-2.0-x-2.0.4\samples\PongPongPia\proj.win32\Debug.win32\link.43852.read.1.tlog
I:\cocos2d-x\cocos2d-2.0-x-2.0.4\cocos2d-2.0-x-2.0.4\samples\PongPongPia\proj.win32\Debug.win32\link.43852.write.1.tlog
I:\cocos2d-x\cocos2d-2.0-x-2.0.4\cocos2d-2.0-x-2.0.4\samples\PongPongPia\proj.win32\Debug.win32\link.43852-cvtres.read.1.tlog
I:\cocos2d-x\cocos2d-2.0-x-2.0.4\cocos2d-2.0-x-2.0.4\samples\PongPongPia\proj.win32\Debug.win32\link.43852-cvtres.write.1.tlog
I:\cocos2d-x\cocos2d-2.0-x-2.0.4\cocos2d-2.0-x-2.0.4\samples\PongPongPia\proj.win32\Debug.win32\link.47056.read.1.tlog
I:\cocos2d-x\cocos2d-2.0-x-2.0.4\cocos2d-2.0-x-2.0.4\samples\PongPongPia\proj.win32\Debug.win32\link.47056.write.1.tlog
I:\cocos2d-x\cocos2d-2.0-x-2.0.4\cocos2d-2.0-x-2.0.4\samples\PongPongPia\proj.win32\Debug.win32\link.47056-cvtres.read.1.tlog
I:\cocos2d-x\cocos2d-2.0-x-2.0.4\cocos2d-2.0-x-2.0.4\samples\PongPongPia\proj.win32\Debug.win32\link.47056-cvtres.write.1.tlog
I:\cocos2d-x\cocos2d-2.0-x-2.0.4\cocos2d-2.0-x-2.0.4\samples\PongPongPia\proj.win32\Debug.win32\link.48664.read.1.tlog
I:\cocos2d-x\cocos2d-2.0-x-2.0.4\cocos2d-2.0-x-2.0.4\samples\PongPongPia\proj.win32\Debug.win32\link.48664.write.1.tlog
I:\cocos2d-x\cocos2d-2.0-x-2.0.4\cocos2d-2.0-x-2.0.4\samples\PongPongPia\proj.win32\Debug.win32\link.48664-cvtres.read.1.tlog
I:\cocos2d-x\cocos2d-2.0-x-2.0.4\cocos2d-2.0-x-2.0.4\samples\PongPongPia\proj.win32\Debug.win32\link.48664-cvtres.write.1.tlog
I:\cocos2d-x\cocos2d-2.0-x-2.0.4\cocos2d-2.0-x-2.0.4\samples\PongPongPia\proj.win32\Debug.win32\link.51640.read.1.tlog
I:\cocos2d-x\cocos2d-2.0-x-2.0.4\cocos2d-2.0-x-2.0.4\samples\PongPongPia\proj.win32\Debug.win32\link.51640.write.1.tlog
I:\cocos2d-x\cocos2d-2.0-x-2.0.4\cocos2d-2.0-x-2.0.4\samples\PongPongPia\proj.win32\Debug.win32\link.51640-cvtres.read.1.tlog
I:\cocos2d-x\cocos2d-2.0-x-2.0.4\cocos2d-2.0-x-2.0.4\samples\PongPongPia\proj.win32\Debug.win32\link.51640-cvtres.write.1.tlog
I:\cocos2d-x\cocos2d-2.0-x-2.0.4\cocos2d-2.0-x-2.0.4\samples\PongPongPia\proj.win32\Debug.win32\link.52092.read.1.tlog
I:\cocos2d-x\cocos2d-2.0-x-2.0.4\cocos2d-2.0-x-2.0.4\samples\PongPongPia\proj.win32\Debug.win32\link.52092.write.1.tlog
I:\cocos2d-x\cocos2d-2.0-x-2.0.4\cocos2d-2.0-x-2.0.4\samples\PongPongPia\proj.win32\Debug.win32\link.52092-cvtres.read.1.tlog
I:\cocos2d-x\cocos2d-2.0-x-2.0.4\cocos2d-2.0-x-2.0.4\samples\PongPongPia\proj.win32\Debug.win32\link.52092-cvtres.write.1.tlog
I:\cocos2d-x\cocos2d-2.0-x-2.0.4\cocos2d-2.0-x-2.0.4\samples\PongPongPia\proj.win32\Debug.win32\link.52912.read.1.tlog
I:\cocos2d-x\cocos2d-2.0-x-2.0.4\cocos2d-2.0-x-2.0.4\samples\PongPongPia\proj.win32\Debug.win32\link.52912.write.1.tlog
I:\cocos2d-x\cocos2d-2.0-x-2.0.4\cocos2d-2.0-x-2.0.4\samples\PongPongPia\proj.win32\Debug.win32\link.52912-cvtres.read.1.tlog
I:\cocos2d-x\cocos2d-2.0-x-2.0.4\cocos2d-2.0-x-2.0.4\samples\PongPongPia\proj.win32\Debug.win32\link.52912-cvtres.write.1.tlog
I:\cocos2d-x\cocos2d-2.0-x-2.0.4\cocos2d-2.0-x-2.0.4\samples\PongPongPia\proj.win32\Debug.win32\link.61552.read.1.tlog
I:\cocos2d-x\cocos2d-2.0-x-2.0.4\cocos2d-2.0-x-2.0.4\samples\PongPongPia\proj.win32\Debug.win32\link.61552.write.1.tlog
I:\cocos2d-x\cocos2d-2.0-x-2.0.4\cocos2d-2.0-x-2.0.4\samples\PongPongPia\proj.win32\Debug.win32\link.61552-cvtres.read.1.tlog
I:\cocos2d-x\cocos2d-2.0-x-2.0.4\cocos2d-2.0-x-2.0.4\samples\PongPongPia\proj.win32\Debug.win32\link.61552-cvtres.write.1.tlog
I:\cocos2d-x\cocos2d-2.0-x-2.0.4\cocos2d-2.0-x-2.0.4\samples\PongPongPia\proj.win32\Debug.win32\link.7872.read.1.tlog
I:\cocos2d-x\cocos2d-2.0-x-2.0.4\cocos2d-2.0-x-2.0.4\samples\PongPongPia\proj.win32\Debug.win32\link.7872.write.1.tlog
I:\cocos2d-x\cocos2d-2.0-x-2.0.4\cocos2d-2.0-x-2.0.4\samples\PongPongPia\proj.win32\Debug.win32\link.7872-cvtres.read.1.tlog
I:\cocos2d-x\cocos2d-2.0-x-2.0.4\cocos2d-2.0-x-2.0.4\samples\PongPongPia\proj.win32\Debug.win32\link.7872-cvtres.write.1.tlog
I:\cocos2d-x\cocos2d-2.0-x-2.0.4\cocos2d-2.0-x-2.0.4\samples\PongPongPia\proj.win32\Debug.win32\link.9436.read.1.tlog
I:\cocos2d-x\cocos2d-2.0-x-2.0.4\cocos2d-2.0-x-2.0.4\samples\PongPongPia\proj.win32\Debug.win32\link.9436.write.1.tlog
I:\cocos2d-x\cocos2d-2.0-x-2.0.4\cocos2d-2.0-x-2.0.4\samples\PongPongPia\proj.win32\Debug.win32\link.9436-cvtres.read.1.tlog
I:\cocos2d-x\cocos2d-2.0-x-2.0.4\cocos2d-2.0-x-2.0.4\samples\PongPongPia\proj.win32\Debug.win32\link.9436-cvtres.write.1.tlog
I:\cocos2d-x\cocos2d-2.0-x-2.0.4\cocos2d-2.0-x-2.0.4\samples\PongPongPia\proj.win32\Debug.win32\link.command.1.tlog
I:\cocos2d-x\cocos2d-2.0-x-2.0.4\cocos2d-2.0-x-2.0.4\samples\PongPongPia\proj.win32\Debug.win32\link.read.1.tlog
I:\cocos2d-x\cocos2d-2.0-x-2.0.4\cocos2d-2.0-x-2.0.4\samples\PongPongPia\proj.win32\Debug.win32\link.write.1.tlog
I:\cocos2d-x\cocos2d-2.0-x-2.0.4\cocos2d-2.0-x-2.0.4\samples\PongPongPia\proj.win32\Debug.win32\link-cvtres.read.1.tlog
I:\cocos2d-x\cocos2d-2.0-x-2.0.4\cocos2d-2.0-x-2.0.4\samples\PongPongPia\proj.win32\Debug.win32\link-cvtres.write.1.tlog
I:\COCOS2D-X\COCOS2D-2.0-X-2.0.4\COCOS2D-2.0-X-2.0.4\SAMPLES\PONGPONGPIA\PROJ.WIN32\DEBUG.WIN32\LOGINTOLAYER.OBJ
I:\COCOS2D-X\COCOS2D-2.0-X-2.0.4\COCOS2D-2.0-X-2.0.4\SAMPLES\PONGPONGPIA\PROJ.WIN32\DEBUG.WIN32\LOSELAYER.OBJ
I:\COCOS2D-X\COCOS2D-2.0-X-2.0.4\COCOS2D-2.0-X-2.0.4\SAMPLES\PONGPONGPIA\PROJ.WIN32\DEBUG.WIN32\MAIN.OBJ
I:\COCOS2D-X\COCOS2D-2.0-X-2.0.4\COCOS2D-2.0-X-2.0.4\SAMPLES\PONGPONGPIA\PROJ.WIN32\DEBUG.WIN32\MENULAYER.OBJ
I:\cocos2d-x\cocos2d-2.0-x-2.0.4\cocos2d-2.0-x-2.0.4\samples\PongPongPia\proj.win32\Debug.win32\mt.command.1.tlog
I:\cocos2d-x\cocos2d-2.0-x-2.0.4\cocos2d-2.0-x-2.0.4\samples\PongPongPia\proj.win32\Debug.win32\mt.read.1.tlog
I:\cocos2d-x\cocos2d-2.0-x-2.0.4\cocos2d-2.0-x-2.0.4\samples\PongPongPia\proj.win32\Debug.win32\mt.write.1.tlog
I:\COCOS2D-X\COCOS2D-2.0-X-2.0.4\COCOS2D-2.0-X-2.0.4\SAMPLES\PONGPONGPIA\PROJ.WIN32\DEBUG.WIN32\OBJECT.OBJ
I:\COCOS2D-X\COCOS2D-2.0-X-2.0.4\COCOS2D-2.0-X-2.0.4\SAMPLES\PONGPONGPIA\PROJ.WIN32\DEBUG.WIN32\PANELLAYER.OBJ
I:\COCOS2D-X\COCOS2D-2.0-X-2.0.4\COCOS2D-2.0-X-2.0.4\SAMPLES\PONGPONGPIA\PROJ.WIN32\DEBUG.WIN32\PERSONALAUDIOENGINE.OBJ
I:\COCOS2D-X\COCOS2D-2.0-X-2.0.4\COCOS2D-2.0-X-2.0.4\SAMPLES\PONGPONGPIA\PROJ.WIN32\DEBUG.WIN32\PONGPONGPIA.RES
I:\COCOS2D-X\COCOS2D-2.0-X-2.0.4\COCOS2D-2.0-X-2.0.4\SAMPLES\PONGPONGPIA\PROJ.WIN32\DEBUG.WIN32\PONGPONGPIA.WIN32.EXE.EMBED.MANIFEST
I:\COCOS2D-X\COCOS2D-2.0-X-2.0.4\COCOS2D-2.0-X-2.0.4\SAMPLES\PONGPONGPIA\PROJ.WIN32\DEBUG.WIN32\PONGPONGPIA.WIN32.EXE.EMBED.MANIFEST.RES
I:\COCOS2D-X\COCOS2D-2.0-X-2.0.4\COCOS2D-2.0-X-2.0.4\SAMPLES\PONGPONGPIA\PROJ.WIN32\DEBUG.WIN32\PONGPONGPIA.WIN32.EXE.INTERMEDIATE.MANIFEST
I:\cocos2d-x\cocos2d-2.0-x-2.0.4\cocos2d-2.0-x-2.0.4\samples\PongPongPia\proj.win32\Debug.win32\PongPongPia.win32_manifest.rc
I:\COCOS2D-X\COCOS2D-2.0-X-2.0.4\COCOS2D-2.0-X-2.0.4\SAMPLES\PONGPONGPIA\PROJ.WIN32\DEBUG.WIN32\PONGPONGPIADATA.OBJ
I:\COCOS2D-X\COCOS2D-2.0-X-2.0.4\COCOS2D-2.0-X-2.0.4\SAMPLES\PONGPONGPIA\PROJ.WIN32\DEBUG.WIN32\POPWINDOWSLAYER.OBJ
I:\COCOS2D-X\COCOS2D-2.0-X-2.0.4\COCOS2D-2.0-X-2.0.4\SAMPLES\PONGPONGPIA\PROJ.WIN32\DEBUG.WIN32\PROGRESSBAR.OBJ
I:\COCOS2D-X\COCOS2D-2.0-X-2.0.4\COCOS2D-2.0-X-2.0.4\SAMPLES\PONGPONGPIA\PROJ.WIN32\DEBUG.WIN32\PROP.OBJ
I:\cocos2d-x\cocos2d-2.0-x-2.0.4\cocos2d-2.0-x-2.0.4\samples\PongPongPia\proj.win32\Debug.win32\rc.command.1.tlog
I:\cocos2d-x\cocos2d-2.0-x-2.0.4\cocos2d-2.0-x-2.0.4\samples\PongPongPia\proj.win32\Debug.win32\rc.read.1.tlog
I:\cocos2d-x\cocos2d-2.0-x-2.0.4\cocos2d-2.0-x-2.0.4\samples\PongPongPia\proj.win32\Debug.win32\rc.write.1.tlog
I:\COCOS2D-X\COCOS2D-2.0-X-2.0.4\COCOS2D-2.0-X-2.0.4\SAMPLES\PONGPONGPIA\PROJ.WIN32\DEBUG.WIN32\REGISTERLAYER.OBJ
I:\COCOS2D-X\COCOS2D-2.0-X-2.0.4\COCOS2D-2.0-X-2.0.4\SAMPLES\PONGPONGPIA\PROJ.WIN32\DEBUG.WIN32\RESULTLAYER.OBJ
I:\COCOS2D-X\COCOS2D-2.0-X-2.0.4\COCOS2D-2.0-X-2.0.4\SAMPLES\PONGPONGPIA\PROJ.WIN32\DEBUG.WIN32\REWARD.OBJ
I:\COCOS2D-X\COCOS2D-2.0-X-2.0.4\COCOS2D-2.0-X-2.0.4\SAMPLES\PONGPONGPIA\PROJ.WIN32\DEBUG.WIN32\ROLE.OBJ
I:\COCOS2D-X\COCOS2D-2.0-X-2.0.4\COCOS2D-2.0-X-2.0.4\SAMPLES\PONGPONGPIA\PROJ.WIN32\DEBUG.WIN32\ROLELAYER.OBJ
I:\COCOS2D-X\COCOS2D-2.0-X-2.0.4\COCOS2D-2.0-X-2.0.4\SAMPLES\PONGPONGPIA\PROJ.WIN32\DEBUG.WIN32\SKILL.OBJ
I:\COCOS2D-X\COCOS2D-2.0-X-2.0.4\COCOS2D-2.0-X-2.0.4\SAMPLES\PONGPONGPIA\PROJ.WIN32\DEBUG.WIN32\SOLIDUSESCAPER.OBJ
I:\COCOS2D-X\COCOS2D-2.0-X-2.0.4\COCOS2D-2.0-X-2.0.4\SAMPLES\PONGPONGPIA\PROJ.WIN32\DEBUG.WIN32\STARTSCENE.OBJ
I:\COCOS2D-X\COCOS2D-2.0-X-2.0.4\COCOS2D-2.0-X-2.0.4\SAMPLES\PONGPONGPIA\PROJ.WIN32\DEBUG.WIN32\STATICDATA.OBJ
I:\COCOS2D-X\COCOS2D-2.0-X-2.0.4\COCOS2D-2.0-X-2.0.4\SAMPLES\PONGPONGPIA\PROJ.WIN32\DEBUG.WIN32\SWAMP.OBJ
I:\COCOS2D-X\COCOS2D-2.0-X-2.0.4\COCOS2D-2.0-X-2.0.4\SAMPLES\PONGPONGPIA\PROJ.WIN32\DEBUG.WIN32\TIPSLAYER.OBJ
I:\COCOS2D-X\COCOS2D-2.0-X-2.0.4\COCOS2D-2.0-X-2.0.4\SAMPLES\PONGPONGPIA\PROJ.WIN32\DEBUG.WIN32\USERDATA.OBJ
I:\COCOS2D-X\COCOS2D-2.0-X-2.0.4\COCOS2D-2.0-X-2.0.4\SAMPLES\PONGPONGPIA\PROJ.WIN32\DEBUG.WIN32\UTILS.OBJ
I:\COCOS2D-X\COCOS2D-2.0-X-2.0.4\COCOS2D-2.0-X-2.0.4\SAMPLES\PONGPONGPIA\PROJ.WIN32\DEBUG.WIN32\VALUE.OBJ
I:\cocos2d-x\cocos2d-2.0-x-2.0.4\cocos2d-2.0-x-2.0.4\samples\PongPongPia\proj.win32\Debug.win32\vc100.idb
I:\COCOS2D-X\COCOS2D-2.0-X-2.0.4\COCOS2D-2.0-X-2.0.4\SAMPLES\PONGPONGPIA\PROJ.WIN32\DEBUG.WIN32\VC100.PDB
I:\COCOS2D-X\COCOS2D-2.0-X-2.0.4\COCOS2D-2.0-X-2.0.4\SAMPLES\PONGPONGPIA\PROJ.WIN32\DEBUG.WIN32\WINLAYER.OBJ
I:\COCOS2D-X\COCOS2D-2.0-X-2.0.4\COCOS2D-2.0-X-2.0.4\SAMPLES\PONGPONGPIA\PROJ.WIN32\DEBUG.WIN32\XMLPARSE.OBJ
I:\COCOS2D-X\COCOS2D-2.0-X-2.0.4\COCOS2D-2.0-X-2.0.4\SAMPLES\PONGPONGPIA\PROJ.WIN32\DEBUG.WIN32\XMLPARSER.OBJ
